2009-11-20 01:34:32 paged_title() [[sig] Sublime Geek] [ - Part 2]
2009-11-20 06:19:40 paged_title() [[sig] Sublime Geek] [ - Part 2]
2009-11-20 16:20:06 paged_title() [[sig] Sublime Geek] [ - Part 2]
2009-11-20 17:47:35 paged_title() [[sig] Sublime Geek] [ - Part 2]
2009-11-20 18:25:24 paged_title() [[sig] Sublime Geek] [ - Part 2]
2009-11-20 19:21:00 paged_title() [[sig] Sublime Geek] [ - Part 2]
2009-11-21 01:43:29 paged_title() [[sig] Sublime Geek] [ - Part 2]
2009-11-21 15:05:36 paged_title() [[sig] Sublime Geek] [ - Part 2]
2009-11-22 08:02:57 paged_title() [[sig] Sublime Geek] [ - Part 2]
2009-11-23 04:39:01 paged_title() [[sig] Sublime Geek] [ - Part 2]
2009-11-23 12:12:01 paged_title() [[sig] Sublime Geek] [ - Part 2]
2009-11-23 12:33:34 paged_title() [[sig] Sublime Geek] [ - Part 2]
2009-11-23 13:47:04 paged_title() [[sig] Sublime Geek] [ - Part 2]
2009-11-23 15:34:54 paged_title() [API | [sig] Sublime Geek] [ - Part 2]
2009-11-23 15:34:55 paged_title() [FREE | [sig] Sublime Geek] [ - Part 2]
2009-11-23 15:34:55 paged_title() [Way | [sig] Sublime Geek] [ - Part 2]
2009-11-23 15:34:56 paged_title() [Geek | [sig] Sublime Geek] [ - Part 2]
2009-11-23 15:34:58 paged_title() [FREE | [sig] Sublime Geek] [ - Part 2]
2009-11-23 15:34:59 paged_title() [FREE | [sig] Sublime Geek] [ - Part 2]
2009-11-23 15:52:28 paged_title() [FREE | [sig] Sublime Geek] [ - Part 2]
2009-11-23 16:01:13 paged_title() [FREE | [sig] Sublime Geek] [ - Part 2]
2009-11-23 16:52:01 paged_title() [[sig] Sublime Geek] [ - Part 2]
2009-11-24 01:31:09 paged_title() [[sig] Sublime Geek] [ - Part 2]
2009-11-24 04:30:54 paged_title() [MetaTip | [sig] Sublime Geek] [ - Part 2]
2009-11-24 18:20:06 paged_title() [MetaTip | [sig] Sublime Geek] [ - Part 2]
2009-11-25 03:50:01 paged_title() [Fix | [sig] Sublime Geek] [ - Part 2]
2009-11-25 18:32:55 paged_title() [API | [sig] Sublime Geek] [ - Part 2]
2009-11-25 18:35:55 paged_title() [Way | [sig] Sublime Geek] [ - Part 2]
2009-11-25 18:38:55 paged_title() [FREE | [sig] Sublime Geek] [ - Part 2]
2009-11-25 18:41:55 paged_title() [FREE | [sig] Sublime Geek] [ - Part 2]
2009-11-25 18:44:55 paged_title() [FREE | [sig] Sublime Geek] [ - Part 2]
2009-11-25 18:47:55 paged_title() [FREE | [sig] Sublime Geek] [ - Part 2]
2009-11-25 18:50:55 paged_title() [Geek | [sig] Sublime Geek] [ - Part 2]
2009-11-25 18:53:55 paged_title() [FREE | [sig] Sublime Geek] [ - Part 2]
2009-11-25 20:15:35 paged_title() [[sig] Sublime Geek] [ - Part 2]
2009-11-27 17:47:54 paged_title() [[sig] Sublime Geek] [ - Part 2]
2009-11-27 18:59:14 paged_title() [[sig] Sublime Geek] [ - Part 2]
2009-11-27 19:29:46 paged_title() [[sig] Sublime Geek] [ - Part 2]
2009-11-27 20:59:37 paged_title() [[sig] Sublime Geek] [ - Part 3]
2009-11-27 21:27:02 paged_title() [[sig] Sublime Geek] [ - Part 3]
2009-11-28 02:59:33 paged_title() [Tip Jars | [sig] Sublime Geek] [ - Part 2]
2009-11-28 04:11:36 paged_title() [FREE | [sig] Sublime Geek] [ - Part 2]
2009-11-28 08:01:52 paged_title() [[sig] Sublime Geek] [ - Part 2]
2009-11-28 09:57:26 paged_title() [[sig] Sublime Geek] [ - Part 3]
2009-11-28 12:36:54 paged_title() [[sig] Sublime Geek] [ - Part 2]
2009-11-28 19:20:58 paged_title() [[sig] Sublime Geek] [ - Part 2]
2009-11-29 18:30:40 paged_title() [[sig] Sublime Geek] [ - Part 2]
2009-11-29 19:00:28 paged_title() [[sig] Sublime Geek] [ - Part 2]
2009-11-29 19:28:41 paged_title() [Popular SL Locations [metaVotr] | [sig] Sublime Geek] [ - Part 2]
2009-11-29 19:56:09 paged_title() [[sig] Sublime Geek] [ - Part 3]
2009-11-29 20:58:53 paged_title() [[sig] Sublime Geek] [ - Part 3]
2009-11-29 21:30:18 paged_title() [Popular SL Locations [metaVotr] | [sig] Sublime Geek] [ - Part 3]
2009-11-30 00:32:26 paged_title() [[sig] Sublime Geek] [ - Part 2]
2009-11-30 06:29:07 paged_title() [[sig] Sublime Geek] [ - Part 2]
2009-11-30 08:01:25 paged_title() [[sig] Sublime Geek] [ - Part 3]
2009-11-30 10:03:32 paged_title() [2009  November | [sig] Sublime Geek] [ - Part 2]
2009-11-30 10:11:39 paged_title() [[sig] Sublime Geek] [ - Part 2]
2009-11-30 12:33:47 paged_title() [2009  November | [sig] Sublime Geek] [ - Part 3]
2009-12-01 01:15:24 paged_title() [[sig] Sublime Geek] [ - Part 3]
2009-12-01 03:22:01 paged_title() [[sig] Sublime Geek] [ - Part 3]
2009-12-01 06:37:19 paged_title() [[sig] Sublime Geek] [ - Part 2]
2009-12-01 12:56:17 paged_title() [[sig] Sublime Geek] [ - Part 2]
2009-12-01 15:58:06 paged_title() [Popular SL Locations [metaVotr] | [sig] Sublime Geek] [ - Part 2]
2009-12-01 17:32:26 paged_title() [Popular SL Locations [metaVotr] | [sig] Sublime Geek] [ - Part 3]
2009-12-01 23:10:55 paged_title() [[sig] Sublime Geek] [ - Part 2]
2009-12-02 04:00:21 paged_title() [Popular SL Locations [metaVotr] | [sig] Sublime Geek] [ - Part 2]
2009-12-02 06:03:43 paged_title() [Popular SL Locations [metaVotr] | [sig] Sublime Geek] [ - Part 3]
2009-12-02 13:51:23 paged_title() [Update | [sig] Sublime Geek] [ - Part 2]
2009-12-02 14:49:35 paged_title() [Popular SL Locations [metaVotr] | [sig] Sublime Geek] [ - Part 2]
2009-12-02 17:30:24 paged_title() [Popular SL Locations [metaVotr] | [sig] Sublime Geek] [ - Part 3]
2009-12-02 19:28:07 paged_title() [[sig] Sublime Geek] [ - Part 2]
2009-12-02 20:40:20 paged_title() [Way | [sig] Sublime Geek] [ - Part 2]
2009-12-03 03:58:50 paged_title() [[sig] Sublime Geek] [ - Part 2]
2009-12-03 05:35:27 paged_title() [[sig] Sublime Geek] [ - Part 3]
2009-12-03 06:43:08 paged_title() [News | [sig] Sublime Geek] [ - Part 2]
2009-12-03 17:32:59 paged_title() [MetaTip | [sig] Sublime Geek] [ - Part 2]
2009-12-04 02:33:08 paged_title() [[sig] Sublime Geek] [ - Part 2]
2009-12-04 03:33:57 paged_title() [[sig] Sublime Geek] [ - Part 2]
2009-12-04 09:11:41 paged_title() [Fix | [sig] Sublime Geek] [ - Part 2]
2009-12-04 12:01:16 paged_title() [[sig] Sublime Geek] [ - Part 2]
2009-12-04 15:40:03 paged_title() [Geek | [sig] Sublime Geek] [ - Part 2]
2009-12-04 17:09:22 paged_title() [System | [sig] Sublime Geek] [ - Part 2]
2009-12-04 17:48:07 paged_title() [[sig] Sublime Geek] [ - Part 2]
2009-12-04 21:40:37 paged_title() [2008  December | [sig] Sublime Geek] [ - Part 2]
2009-12-05 00:05:10 paged_title() [[sig] Sublime Geek] [ - Part 2]
2009-12-05 17:35:52 paged_title() [[sig] Sublime Geek] [ - Part 2]
2009-12-06 00:44:15 paged_title() [[sig] Sublime Geek] [ - Part 2]
2009-12-06 02:10:19 paged_title() [News | [sig] Sublime Geek] [ - Part 2]
2009-12-06 02:13:48 paged_title() [[sig] Sublime Geek] [ - Part 2]
2009-12-06 05:02:37 paged_title() [2009  November | [sig] Sublime Geek] [ - Part 2]
2009-12-06 05:31:15 paged_title() [[sig] Sublime Geek] [ - Part 2]
2009-12-06 05:55:42 paged_title() [[sig] Sublime Geek] [ - Part 2]
2009-12-06 06:33:59 paged_title() [2009  November | [sig] Sublime Geek] [ - Part 3]
2009-12-06 07:34:10 paged_title() [[sig] Sublime Geek] [ - Part 2]
2009-12-06 08:24:28 paged_title() [2009  November | [sig] Sublime Geek] [ - Part 3]
2009-12-06 08:49:06 paged_title() [2009  November | [sig] Sublime Geek] [ - Part 2]
2009-12-06 11:33:02 paged_title() [2009  November | [sig] Sublime Geek] [ - Part 2]
2009-12-06 11:57:47 paged_title() [[sig] Sublime Geek] [ - Part 2]
2009-12-06 13:39:04 paged_title() [2009  November | [sig] Sublime Geek] [ - Part 3]
2009-12-07 12:33:10 paged_title() [API | [sig] Sublime Geek] [ - Part 2]
2009-12-07 15:40:46 paged_title() [[sig] Sublime Geek] [ - Part 2]
2009-12-07 23:26:49 paged_title() [2009  May | [sig] Sublime Geek] [ - Part 2]
2009-12-08 07:58:38 paged_title() [[sig] Sublime Geek] [ - Part 2]
2009-12-08 12:18:20 paged_title() [[sig] Sublime Geek] [ - Part 2]
2009-12-08 20:11:32 paged_title() [Popular SL Locations [metaVotr] | [sig] Sublime Geek] [ - Part 2]
2009-12-08 23:35:49 paged_title() [Popular SL Locations [metaVotr] | [sig] Sublime Geek] [ - Part 3]
2009-12-09 09:02:47 paged_title() [[sig] Sublime Geek] [ - Part 2]
2009-12-10 05:50:57 paged_title() [[sig] Sublime Geek] [ - Part 2]
2009-12-11 00:19:20 paged_title() [[sig] Sublime Geek] [ - Part 2]
2009-12-11 00:43:56 paged_title() [[sig] Sublime Geek] [ - Part 2]
2009-12-11 01:57:29 paged_title() [[sig] Sublime Geek] [ - Part 2]
2009-12-11 04:00:01 paged_title() [2009  November | [sig] Sublime Geek] [ - Part 2]
2009-12-11 04:24:48 paged_title() [2009  November | [sig] Sublime Geek] [ - Part 3]
2009-12-11 07:34:17 paged_title() [[sig] Sublime Geek] [ - Part 2]
2009-12-11 16:20:41 paged_title() [[sig] Sublime Geek] [ - Part 2]
2009-12-11 17:48:32 paged_title() [[sig] Sublime Geek] [ - Part 2]
2009-12-11 23:01:20 paged_title() [News | [sig] Sublime Geek] [ - Part 2]
2009-12-12 01:09:04 paged_title() [[sig] Sublime Geek] [ - Part 2]
2009-12-12 02:12:43 paged_title() [[sig] Sublime Geek] [ - Part 2]
2009-12-12 03:16:25 paged_title() [[sig] Sublime Geek] [ - Part 2]
2009-12-12 07:21:00 paged_title() [[sig] Sublime Geek] [ - Part 2]
2009-12-12 14:22:23 paged_title() [[sig] Sublime Geek] [ - Part 2]
2009-12-12 19:26:42 paged_title() [[sig] Sublime Geek] [ - Part 2]
2009-12-12 19:27:38 paged_title() [2009  November | [sig] Sublime Geek] [ - Part 2]
2009-12-12 19:27:48 paged_title() [News | [sig] Sublime Geek] [ - Part 2]
2009-12-12 19:27:57 paged_title() [[GridSplode] Grid-Wide Sploder | [sig] Sublime Geek] [ - Part 2]
2009-12-12 19:28:04 paged_title() [Popular SL Locations [metaVotr] | [sig] Sublime Geek] [ - Part 2]
2009-12-12 19:28:07 paged_title() [[sig] Sublime Geek] [ - Part 3]
2009-12-12 22:23:26 paged_title() [[sig] Sublime Geek] [ - Part 2]
2009-12-14 03:03:40 paged_title() [[sig] Sublime Geek] [ - Part 2]
2009-12-15 02:28:23 paged_title() [[sig] Sublime Geek] [ - Part 2]
2009-12-15 03:58:22 paged_title() [[sig] Sublime Geek] [ - Part 3]
2009-12-15 08:21:43 paged_title() [[sig] Sublime Geek] [ - Part 2]
2009-12-15 11:42:46 paged_title() [[sig] Sublime Geek] [ - Part 2]
2009-12-15 12:21:32 paged_title() [[sig] Sublime Geek] [ - Part 2]
2009-12-15 12:58:05 paged_title() [[sig] Sublime Geek] [ - Part 3]
2009-12-15 14:30:42 paged_title() [[sig] Sublime Geek] [ - Part 3]
2009-12-15 16:53:22 paged_title() [2009  November | [sig] Sublime Geek] [ - Part 2]
2009-12-15 17:32:12 paged_title() [2009  November | [sig] Sublime Geek] [ - Part 3]
2009-12-16 03:59:38 paged_title() [[sig] Sublime Geek] [ - Part 2]
2009-12-16 05:30:19 paged_title() [[sig] Sublime Geek] [ - Part 2]
2009-12-16 12:41:11 paged_title() [[sig] Sublime Geek] [ - Part 2]
2009-12-16 23:29:21 paged_title() [[sig] Sublime Geek] [ - Part 2]
2009-12-17 03:01:36 paged_title() [[sig] Sublime Geek] [ - Part 2]
2009-12-17 06:37:31 paged_title() [[sig] Sublime Geek] [ - Part 2]
2009-12-17 10:13:25 paged_title() [[sig] Sublime Geek] [ - Part 2]
2009-12-18 13:33:09 paged_title() [[sig] Sublime Geek] [ - Part 2]
2009-12-18 17:49:03 paged_title() [[sig] Sublime Geek] [ - Part 2]
2009-12-18 17:49:26 paged_title() [[sig] Sublime Geek] [ - Part 2]
2009-12-18 19:57:40 paged_title() [[sig] Sublime Geek] [ - Part 2]
